[2019-09-11 08:29:37,918] {scheduler_job.py:146} INFO - Started process (PID=8286) to work on /home/jennie/airflow/dags/demo.py
[2019-09-11 08:29:37,922] {scheduler_job.py:1520} INFO - Processing file /home/jennie/airflow/dags/demo.py for tasks to queue
[2019-09-11 08:29:37,923] {logging_mixin.py:95} INFO - [2019-09-11 08:29:37,922] {dagbag.py:90} INFO - Filling up the DagBag from /home/jennie/airflow/dags/demo.py
[2019-09-11 08:29:37,927] {logging_mixin.py:95} INFO - [2019-09-11 08:29:37,926] {dagbag.py:205} ERROR - Failed to import: /home/jennie/airflow/dags/demo.py
Traceback (most recent call last):
  File "/home/jennie/workspace/airflow_venv/lib/python3.7/site-packages/airflow/models/dagbag.py", line 202, in process_file
    m = imp.load_source(mod_name, filepath)
  File "/home/jennie/workspace/airflow_venv/lib/python3.7/imp.py", line 171, in load_source
    module = _load(spec)
  File "<frozen importlib._bootstrap>", line 696, in _load
  File "<frozen importlib._bootstrap>", line 677, in _load_unlocked
  File "<frozen importlib._bootstrap_external>", line 728, in exec_module
  File "<frozen importlib._bootstrap>", line 219, in _call_with_frames_removed
  File "/home/jennie/airflow/dags/demo.py", line 15, in <module>
    dummy_task = DummyOperator(
NameError: name 'DummyOperator' is not defined
[2019-09-11 08:29:37,927] {scheduler_job.py:1534} WARNING - No viable dags retrieved from /home/jennie/airflow/dags/demo.py
[2019-09-11 08:29:37,961] {scheduler_job.py:152} INFO - Processing /home/jennie/airflow/dags/demo.py took 0.043 seconds
[2019-09-11 08:30:21,958] {scheduler_job.py:146} INFO - Started process (PID=8328) to work on /home/jennie/airflow/dags/demo.py
[2019-09-11 08:30:21,963] {scheduler_job.py:1520} INFO - Processing file /home/jennie/airflow/dags/demo.py for tasks to queue
[2019-09-11 08:30:21,964] {logging_mixin.py:95} INFO - [2019-09-11 08:30:21,964] {dagbag.py:90} INFO - Filling up the DagBag from /home/jennie/airflow/dags/demo.py
[2019-09-11 08:30:21,971] {logging_mixin.py:95} INFO - [2019-09-11 08:30:21,969] {dagbag.py:205} ERROR - Failed to import: /home/jennie/airflow/dags/demo.py
Traceback (most recent call last):
  File "/home/jennie/workspace/airflow_venv/lib/python3.7/site-packages/airflow/models/dagbag.py", line 202, in process_file
    m = imp.load_source(mod_name, filepath)
  File "/home/jennie/workspace/airflow_venv/lib/python3.7/imp.py", line 171, in load_source
    module = _load(spec)
  File "<frozen importlib._bootstrap>", line 696, in _load
  File "<frozen importlib._bootstrap>", line 677, in _load_unlocked
  File "<frozen importlib._bootstrap_external>", line 728, in exec_module
  File "<frozen importlib._bootstrap>", line 219, in _call_with_frames_removed
  File "/home/jennie/airflow/dags/demo.py", line 15, in <module>
    dummy_task = DummyOperator(
NameError: name 'DummyOperator' is not defined
[2019-09-11 08:30:21,972] {scheduler_job.py:1534} WARNING - No viable dags retrieved from /home/jennie/airflow/dags/demo.py
[2019-09-11 08:30:22,008] {scheduler_job.py:152} INFO - Processing /home/jennie/airflow/dags/demo.py took 0.050 seconds
[2019-09-11 08:31:05,999] {scheduler_job.py:146} INFO - Started process (PID=8378) to work on /home/jennie/airflow/dags/demo.py
[2019-09-11 08:31:06,000] {scheduler_job.py:1520} INFO - Processing file /home/jennie/airflow/dags/demo.py for tasks to queue
[2019-09-11 08:31:06,001] {logging_mixin.py:95} INFO - [2019-09-11 08:31:06,000] {dagbag.py:90} INFO - Filling up the DagBag from /home/jennie/airflow/dags/demo.py
[2019-09-11 08:31:06,004] {logging_mixin.py:95} WARNING - /home/jennie/workspace/airflow_venv/lib/python3.7/site-packages/airflow/utils/helpers.py:423: DeprecationWarning: Importing 'PythonOperator' directly from 'airflow.operators' has been deprecated. Please import from 'airflow.operators.[operator_module]' instead. Support for direct imports will be dropped entirely in Airflow 2.0.
  DeprecationWarning)
[2019-09-11 08:31:06,004] {logging_mixin.py:95} WARNING - /home/jennie/workspace/airflow_venv/lib/python3.7/site-packages/airflow/utils/helpers.py:423: DeprecationWarning: Importing 'DummyOperator' directly from 'airflow.operators' has been deprecated. Please import from 'airflow.operators.[operator_module]' instead. Support for direct imports will be dropped entirely in Airflow 2.0.
  DeprecationWarning)
[2019-09-11 08:31:06,005] {logging_mixin.py:95} INFO - [2019-09-11 08:31:06,005] {dagbag.py:205} ERROR - Failed to import: /home/jennie/airflow/dags/demo.py
Traceback (most recent call last):
  File "/home/jennie/workspace/airflow_venv/lib/python3.7/site-packages/airflow/models/dagbag.py", line 202, in process_file
    m = imp.load_source(mod_name, filepath)
  File "/home/jennie/workspace/airflow_venv/lib/python3.7/imp.py", line 171, in load_source
    module = _load(spec)
  File "<frozen importlib._bootstrap>", line 696, in _load
  File "<frozen importlib._bootstrap>", line 677, in _load_unlocked
  File "<frozen importlib._bootstrap_external>", line 728, in exec_module
  File "<frozen importlib._bootstrap>", line 219, in _call_with_frames_removed
  File "/home/jennie/airflow/dags/demo.py", line 24, in <module>
    python_callable= upload_file_to_s3,
NameError: name 'upload_file_to_s3' is not defined
[2019-09-11 08:31:06,005] {scheduler_job.py:1534} WARNING - No viable dags retrieved from /home/jennie/airflow/dags/demo.py
[2019-09-11 08:31:06,030] {scheduler_job.py:152} INFO - Processing /home/jennie/airflow/dags/demo.py took 0.031 seconds
[2019-09-11 08:31:50,046] {scheduler_job.py:146} INFO - Started process (PID=8437) to work on /home/jennie/airflow/dags/demo.py
[2019-09-11 08:31:50,047] {scheduler_job.py:1520} INFO - Processing file /home/jennie/airflow/dags/demo.py for tasks to queue
[2019-09-11 08:31:50,047] {logging_mixin.py:95} INFO - [2019-09-11 08:31:50,047] {dagbag.py:90} INFO - Filling up the DagBag from /home/jennie/airflow/dags/demo.py
[2019-09-11 08:31:50,048] {scheduler_job.py:1534} WARNING - No viable dags retrieved from /home/jennie/airflow/dags/demo.py
[2019-09-11 08:31:50,049] {scheduler_job.py:152} INFO - Processing /home/jennie/airflow/dags/demo.py took 0.003 seconds
[2019-09-11 08:32:34,094] {scheduler_job.py:146} INFO - Started process (PID=8482) to work on /home/jennie/airflow/dags/demo.py
[2019-09-11 08:32:34,097] {scheduler_job.py:1520} INFO - Processing file /home/jennie/airflow/dags/demo.py for tasks to queue
[2019-09-11 08:32:34,098] {logging_mixin.py:95} INFO - [2019-09-11 08:32:34,098] {dagbag.py:90} INFO - Filling up the DagBag from /home/jennie/airflow/dags/demo.py
[2019-09-11 08:32:34,099] {scheduler_job.py:1534} WARNING - No viable dags retrieved from /home/jennie/airflow/dags/demo.py
[2019-09-11 08:32:34,100] {scheduler_job.py:152} INFO - Processing /home/jennie/airflow/dags/demo.py took 0.006 seconds
[2019-09-11 08:33:18,146] {scheduler_job.py:146} INFO - Started process (PID=8545) to work on /home/jennie/airflow/dags/demo.py
[2019-09-11 08:33:18,148] {scheduler_job.py:1520} INFO - Processing file /home/jennie/airflow/dags/demo.py for tasks to queue
[2019-09-11 08:33:18,148] {logging_mixin.py:95} INFO - [2019-09-11 08:33:18,148] {dagbag.py:90} INFO - Filling up the DagBag from /home/jennie/airflow/dags/demo.py
[2019-09-11 08:33:18,150] {scheduler_job.py:1534} WARNING - No viable dags retrieved from /home/jennie/airflow/dags/demo.py
[2019-09-11 08:33:18,150] {scheduler_job.py:152} INFO - Processing /home/jennie/airflow/dags/demo.py took 0.004 seconds
